<?xml version="1.0" encoding="UTF-8"?>
<testsuite name="ca.proj.seg4105.Seg4105ApplicationTests" tests="1" skipped="0" failures="0" errors="0" timestamp="2022-11-23T17:36:31" hostname="CARINA-LENOVO" time="0.205">
  <properties/>
  <testcase name="contextLoads()" classname="ca.proj.seg4105.Seg4105ApplicationTests" time="0.205"/>
  <system-out><![CDATA[12:36:23.474 [Test worker] DEBUG org.springframework.test.context.BootstrapUtils - Instantiating CacheAwareContextLoaderDelegate from class [org.springframework.test.context.cache.DefaultCacheAwareContextLoaderDelegate]
12:36:23.488 [Test worker] DEBUG org.springframework.test.context.BootstrapUtils - Instantiating BootstrapContext using constructor [public org.springframework.test.context.support.DefaultBootstrapContext(java.lang.Class,org.springframework.test.context.CacheAwareContextLoaderDelegate)]
12:36:23.527 [Test worker] DEBUG org.springframework.test.context.BootstrapUtils - Instantiating TestContextBootstrapper for test class [ca.proj.seg4105.Seg4105ApplicationTests] from class [org.springframework.boot.test.context.SpringBootTestContextBootstrapper]
12:36:23.541 [Test worker] INFO org.springframework.boot.test.context.SpringBootTestContextBootstrapper - Neither @ContextConfiguration nor @ContextHierarchy found for test class [ca.proj.seg4105.Seg4105ApplicationTests], using SpringBootContextLoader
12:36:23.545 [Test worker] DEBUG org.springframework.test.context.support.AbstractContextLoader - Did not detect default resource location for test class [ca.proj.seg4105.Seg4105ApplicationTests]: class path resource [ca/proj/seg4105/Seg4105ApplicationTests-context.xml] does not exist
12:36:23.546 [Test worker] DEBUG org.springframework.test.context.support.AbstractContextLoader - Did not detect default resource location for test class [ca.proj.seg4105.Seg4105ApplicationTests]: class path resource [ca/proj/seg4105/Seg4105ApplicationTestsContext.groovy] does not exist
12:36:23.546 [Test worker] INFO org.springframework.test.context.support.AbstractContextLoader - Could not detect default resource locations for test class [ca.proj.seg4105.Seg4105ApplicationTests]: no resource found for suffixes {-context.xml, Context.groovy}.
12:36:23.546 [Test worker] INFO org.springframework.test.context.support.AnnotationConfigContextLoaderUtils - Could not detect default configuration classes for test class [ca.proj.seg4105.Seg4105ApplicationTests]: Seg4105ApplicationTests does not declare any static, non-private, non-final, nested classes annotated with @Configuration.
12:36:23.623 [Test worker] DEBUG org.springframework.test.context.support.ActiveProfilesUtils - Could not find an 'annotation declaring class' for annotation type [org.springframework.test.context.ActiveProfiles] and class [ca.proj.seg4105.Seg4105ApplicationTests]
12:36:23.718 [Test worker] DEBUG org.springframework.context.annotation.ClassPathScanningCandidateComponentProvider - Identified candidate component class: file [C:\Users\carin\Documents\uOttawa\4th-Year\SEG4105\Project\seg4105-project\build\classes\java\main\ca\proj\Seg4105Application.class]
12:36:23.719 [Test worker] INFO org.springframework.boot.test.context.SpringBootTestContextBootstrapper - Found @SpringBootConfiguration ca.proj.Seg4105Application for test class ca.proj.seg4105.Seg4105ApplicationTests
12:36:23.848 [Test worker] DEBUG org.springframework.boot.test.context.SpringBootTestContextBootstrapper - @TestExecutionListeners is not present for class [ca.proj.seg4105.Seg4105ApplicationTests]: using defaults.
12:36:23.849 [Test worker] INFO org.springframework.boot.test.context.SpringBootTestContextBootstrapper - Loaded default TestExecutionListener class names from location [META-INF/spring.factories]: [org.springframework.security.test.context.support.WithSecurityContextTestExecutionListener, org.springframework.security.test.context.support.ReactorContextTestExecutionListener, org.springframework.boot.test.autoconfigure.restdocs.RestDocsTestExecutionListener, org.springframework.boot.test.autoconfigure.web.client.MockRestServiceServerResetTestExecutionListener, org.springframework.boot.test.autoconfigure.web.servlet.MockMvcPrintOnlyOnFailureTestExecutionListener, org.springframework.boot.test.autoconfigure.web.servlet.WebDriverTestExecutionListener, org.springframework.boot.test.autoconfigure.webservices.client.MockWebServiceServerTestExecutionListener, org.springframework.boot.test.mock.mockito.MockitoTestExecutionListener, org.springframework.boot.test.mock.mockito.ResetMocksTestExecutionListener, org.springframework.test.context.web.ServletTestExecutionListener, org.springframework.test.context.support.DirtiesContextBeforeModesTestExecutionListener, org.springframework.test.context.event.ApplicationEventsTestExecutionListener, org.springframework.test.context.support.DependencyInjectionTestExecutionListener, org.springframework.test.context.support.DirtiesContextTestExecutionListener, org.springframework.test.context.transaction.TransactionalTestExecutionListener, org.springframework.test.context.jdbc.SqlScriptsTestExecutionListener, org.springframework.test.context.event.EventPublishingTestExecutionListener]
12:36:23.878 [Test worker] INFO org.springframework.boot.test.context.SpringBootTestContextBootstrapper - Using TestExecutionListeners: [org.springframework.test.context.web.ServletTestExecutionListener@3faf2e7d, org.springframework.test.context.support.DirtiesContextBeforeModesTestExecutionListener@4648ce9, org.springframework.test.context.event.ApplicationEventsTestExecutionListener@569bf9eb, org.springframework.boot.test.mock.mockito.MockitoTestExecutionListener@61526469, org.springframework.boot.test.autoconfigure.SpringBootDependencyInjectionTestExecutionListener@274872f8, org.springframework.test.context.support.DirtiesContextTestExecutionListener@76ba13c, org.springframework.test.context.transaction.TransactionalTestExecutionListener@eb6449b, org.springframework.test.context.jdbc.SqlScriptsTestExecutionListener@7c351808, org.springframework.security.test.context.support.WithSecurityContextTestExecutionListener@180e6ac4, org.springframework.test.context.event.EventPublishingTestExecutionListener@42b64ab8, org.springframework.security.test.context.support.ReactorContextTestExecutionListener@7e985ce9, org.springframework.boot.test.autoconfigure.restdocs.RestDocsTestExecutionListener@2a39fe6a, org.springframework.boot.test.autoconfigure.web.client.MockRestServiceServerResetTestExecutionListener@410ae9a3, org.springframework.boot.test.autoconfigure.web.servlet.MockMvcPrintOnlyOnFailureTestExecutionListener@319988b0, org.springframework.boot.test.autoconfigure.web.servlet.WebDriverTestExecutionListener@d5ae57e, org.springframework.boot.test.autoconfigure.webservices.client.MockWebServiceServerTestExecutionListener@68759011, org.springframework.boot.test.mock.mockito.ResetMocksTestExecutionListener@7e242b4d]
12:36:23.882 [Test worker] DEBUG org.springframework.test.context.support.AbstractDirtiesContextTestExecutionListener - Before test class: context [DefaultTestContext@4fad94a7 testClass = Seg4105ApplicationTests, testInstance = [null], testMethod = [null], testException = [null], mergedContextConfiguration = [WebMergedContextConfiguration@475835b1 testClass = Seg4105ApplicationTests, locations = '{}', classes = '{class ca.proj.Seg4105Application}', contextInitializerClasses = '[]', activeProfiles = '{}', propertySourceLocations = '{}', propertySourceProperties = '{org.springframework.boot.test.context.SpringBootTestContextBootstrapper=true}', contextCustomizers = set[org.springframework.boot.test.autoconfigure.actuate.metrics.MetricsExportContextCustomizerFactory$DisableMetricExportContextCustomizer@19835e64, org.springframework.boot.test.autoconfigure.properties.PropertyMappingContextCustomizer@0, org.springframework.boot.test.autoconfigure.web.servlet.WebDriverContextCustomizerFactory$Customizer@7b94089b, org.springframework.boot.test.context.filter.ExcludeFilterContextCustomizer@561868a0, org.springframework.boot.test.json.DuplicateJsonObjectContextCustomizerFactory$DuplicateJsonObjectContextCustomizer@21a21c64, org.springframework.boot.test.mock.mockito.MockitoContextCustomizer@0, org.springframework.boot.test.web.client.TestRestTemplateContextCustomizer@6995bf68, org.springframework.boot.test.context.SpringBootTestArgs@1, org.springframework.boot.test.context.SpringBootTestWebEnvironment@33990a0c], resourceBasePath = 'src/main/webapp', contextLoader = 'org.springframework.boot.test.context.SpringBootContextLoader', parent = [null]], attributes = map['org.springframework.test.context.web.ServletTestExecutionListener.activateListener' -> true]], class annotated with @DirtiesContext [false] with mode [null].

  .   ____          _            __ _ _
 /\\ / ___'_ __ _ _(_)_ __  __ _ \ \ \ \
( ( )\___ | '_ | '_| | '_ \/ _` | \ \ \ \
 \\/  ___)| |_)| | | | | || (_| |  ) ) ) )
  '  |____| .__|_| |_|_| |_\__, | / / / /
 =========|_|==============|___/=/_/_/_/
 :: Spring Boot ::                (v2.7.5)

2022-11-23 12:36:24.239  INFO 20000 --- [    Test worker] ca.proj.seg4105.Seg4105ApplicationTests  : Starting Seg4105ApplicationTests using Java 18.0.2 on Carina-Lenovo with PID 20000 (started by carin in C:\Users\carin\Documents\uOttawa\4th-Year\SEG4105\Project\seg4105-project)
2022-11-23 12:36:24.241  INFO 20000 --- [    Test worker] ca.proj.seg4105.Seg4105ApplicationTests  : No active profile set, falling back to 1 default profile: "default"
2022-11-23 12:36:25.597  INFO 20000 --- [    Test worker] .s.d.r.c.RepositoryConfigurationDelegate : Bootstrapping Spring Data JPA repositories in DEFAULT mode.
2022-11-23 12:36:25.745  INFO 20000 --- [    Test worker] .s.d.r.c.RepositoryConfigurationDelegate : Finished Spring Data repository scanning in 134 ms. Found 7 JPA repository interfaces.
2022-11-23 12:36:26.514  INFO 20000 --- [    Test worker] com.zaxxer.hikari.HikariDataSource       : HikariPool-1 - Starting...
2022-11-23 12:36:27.627  INFO 20000 --- [    Test worker] com.zaxxer.hikari.HikariDataSource       : HikariPool-1 - Start completed.
2022-11-23 12:36:27.854  INFO 20000 --- [    Test worker] o.hibernate.jpa.internal.util.LogHelper  : HHH000204: Processing PersistenceUnitInfo [name: default]
2022-11-23 12:36:27.927  INFO 20000 --- [    Test worker] org.hibernate.Version                    : HHH000412: Hibernate ORM core version 5.6.12.Final
2022-11-23 12:36:28.136  INFO 20000 --- [    Test worker] o.hibernate.annotations.common.Version   : HCANN000001: Hibernate Commons Annotations {5.1.2.Final}
2022-11-23 12:36:28.344  INFO 20000 --- [    Test worker] org.hibernate.dialect.Dialect            : HHH000400: Using dialect: org.hibernate.dialect.CockroachDB201Dialect
2022-11-23 12:36:29.300  INFO 20000 --- [    Test worker] o.h.e.t.j.p.i.JtaPlatformInitiator       : HHH000490: Using JtaPlatform implementation: [org.hibernate.engine.transaction.jta.platform.internal.NoJtaPlatform]
2022-11-23 12:36:29.308  INFO 20000 --- [    Test worker] j.LocalContainerEntityManagerFactoryBean : Initialized JPA EntityManagerFactory for persistence unit 'default'
2022-11-23 12:36:29.631  WARN 20000 --- [    Test worker] JpaBaseConfiguration$JpaWebConfiguration : spring.jpa.open-in-view is enabled by default. Therefore, database queries may be performed during view rendering. Explicitly configure spring.jpa.open-in-view to disable this warning
2022-11-23 12:36:31.756  INFO 20000 --- [    Test worker] o.s.b.a.e.web.EndpointLinksResolver      : Exposing 1 endpoint(s) beneath base path '/actuator'
2022-11-23 12:36:31.836  INFO 20000 --- [    Test worker] ca.proj.seg4105.Seg4105ApplicationTests  : Started Seg4105ApplicationTests in 7.91 seconds (JVM running for 9.399)
]]></system-out>
  <system-err><![CDATA[]]></system-err>
</testsuite>
